+---------+------+------+-------+-------+----------+-------+
|  Holes  | PRAS | SAID | VANIE | FARAH | BUNYAMIN | SELLY |
+---------+------+------+-------+-------+----------+-------+
| Hole 1  |    5 |    4 |     1 |     7 |        7 |     1 |
| Hole 2  |    4 |    4 |     5 |     2 |        7 |     3 |
| Hole 3  |    4 |    6 |     5 |     8 |        9 |     8 |
| Hole 4  |    3 |    6 |     4 |     4 |        4 |     9 |
| Hole 5  |    8 |    6 |     6 |     3 |        4 |     3 |
| Hole 6  |    6 |    5 |     5 |     2 |        6 |     7 |
| Hole 7  |    5 |    7 |     4 |     6 |        7 |     3 |
| Hole 8  |    1 |    8 |     4 |     1 |        3 |     7 |
| Hole 9  |    1 |    8 |     6 |     2 |        4 |     5 |
| Hole 10 |    9 |    9 |     6 |     2 |        6 |     9 |
| Hole 11 |    8 |    8 |     6 |     6 |        8 |     1 |
| Hole 12 |    8 |    7 |     4 |     1 |        9 |     5 |
| Hole 13 |    7 |    5 |     5 |     3 |        7 |     4 |
| Hole 14 |    5 |    4 |     5 |     2 |        1 |     9 |
| Hole 15 |    8 |    3 |     5 |     2 |        2 |     1 |
| Hole 16 |    4 |    2 |     4 |     4 |        8 |     6 |
| Hole 17 |    3 |    1 |     4 |     1 |        4 |     5 |
| Hole 18 |    2 |    1 |     6 |     9 |        5 |     1 |
+---------+------+------+-------+-------+----------+-------+


Pemenangnya adalah:
BUNYAMIN


Daftar Pemain
+-------------+-------+
| Player Name | Score |
+-------------+-------+
| PRAS        |    91 |
| SAID        |    94 |
| VANIE       |    85 |
| FARAH       |    65 |
| BUNYAMIN    |   101 |
| SELLY       |    87 |
+-------------+-------+


Rata - rata seluruh pemain golf:
87.16666666666667
