+---------+-------+-------+-------+-------+-------+-------+-------+-------+-------+-------+-------+-------+-------+-------+-------+-------+-------+-------+-------+-------+-------+-------+-------+-------+-------+-------+-------+-------+-------+-------+-------+-------+-------+-------+-------+-------+-------+-------+-------+-------+
|  Holes  | LYBJV | CMGSJ | ARRYM | GDFRF | UYBKM | OSETM | KQXSM | PXEDU | RPGLL | IOQYU | DXFPZ | ZJEOF | KTPCX | SIEMP | KQNZZ | VSQCT | YVSDT | GVZRD | JFFID | OFJSZ | MFJBB | HSXAE | WNEGK | AFDMD | CJCYV | TUNFY | IMUSE | BWIDL | DOEHU | CCWJA | VKZJZ | KFZFB | JSRAG | BOWDK | RIIDN | QMTWK | BRYYX | BVCAY | XNOKP | UGSHQ |
+---------+-------+-------+-------+-------+-------+-------+-------+-------+-------+-------+-------+-------+-------+-------+-------+-------+-------+-------+-------+-------+-------+-------+-------+-------+-------+-------+-------+-------+-------+-------+-------+-------+-------+-------+-------+-------+-------+-------+-------+-------+
| Hole 1  |     8 |     1 |     3 |     3 |     7 |     5 |     1 |     9 |     3 |     8 |     5 |     6 |     3 |     5 |     1 |     4 |     4 |     3 |     4 |     7 |     4 |     1 |     7 |     5 |     1 |     7 |     1 |     8 |     8 |     3 |     2 |     3 |     5 |     9 |     5 |     4 |     9 |     3 |     3 |     7 |
| Hole 2  |     4 |     3 |     4 |     1 |     2 |     3 |       |     3 |     3 |     7 |     2 |     2 |     4 |     6 |     3 |     2 |     6 |     4 |     1 |     8 |     5 |     5 |     2 |     9 |     2 |     1 |     9 |     5 |     8 |     3 |     3 |     5 |     9 |     3 |     5 |     4 |     7 |     6 |     9 |     1 |
| Hole 3  |     4 |     4 |     1 |     4 |     4 |     3 |       |     4 |     5 |     6 |     4 |     5 |     8 |     9 |     2 |     8 |     3 |     5 |     7 |     5 |     5 |     7 |     6 |     6 |     5 |     7 |     1 |     1 |     1 |     3 |     1 |     5 |     3 |     1 |     9 |     9 |     5 |     2 |     8 |     3 |
| Hole 4  |     1 |     1 |     5 |     5 |     5 |     9 |       |     2 |     7 |     2 |     4 |     6 |     6 |     9 |     5 |     6 |     3 |     9 |     2 |     2 |     2 |     4 |     3 |     1 |     9 |     2 |     6 |     8 |     1 |     8 |     1 |       |     8 |     8 |     2 |     6 |     3 |     1 |     4 |     7 |
| Hole 5  |     6 |     8 |     4 |     3 |     7 |     6 |       |     7 |     5 |     5 |     5 |     5 |     2 |     9 |     6 |     8 |     9 |     4 |     5 |     2 |     9 |     4 |     2 |     6 |     5 |     8 |     7 |     6 |     3 |     6 |     9 |       |     4 |     4 |     5 |     8 |     6 |     8 |     1 |     9 |
| Hole 6  |     3 |     9 |     8 |     7 |     5 |     9 |       |     7 |     2 |     2 |     4 |     2 |     7 |     5 |     3 |     7 |     7 |     6 |     8 |     8 |     7 |     7 |     5 |     5 |     2 |       |     8 |     9 |     2 |     4 |     4 |       |     5 |     7 |     6 |     8 |     9 |     1 |     4 |     6 |
| Hole 7  |     3 |     7 |     1 |     8 |     4 |     9 |       |     6 |     2 |     7 |     8 |     6 |     2 |     4 |     6 |     6 |     1 |     8 |     2 |     9 |     8 |     7 |     3 |     5 |     6 |       |     6 |     7 |     6 |     5 |     6 |       |     7 |     6 |     6 |     1 |     9 |     4 |     5 |     2 |
| Hole 8  |     8 |     7 |     2 |     9 |     8 |     8 |       |     6 |     5 |     8 |     2 |     5 |     7 |     8 |     4 |     9 |     1 |     6 |     5 |     6 |     9 |     4 |     5 |     7 |     4 |       |     9 |     1 |     5 |     8 |     1 |       |     2 |     1 |     5 |     6 |     6 |     1 |     4 |     2 |
| Hole 9  |     9 |     7 |     4 |     4 |     7 |     2 |       |     3 |     6 |     5 |     7 |     7 |     6 |     3 |     3 |     7 |     4 |     8 |     1 |     8 |     3 |     2 |     4 |     1 |     2 |       |     7 |     9 |     1 |     2 |     2 |       |     8 |     3 |     6 |     3 |     4 |     6 |     3 |     4 |
| Hole 10 |     9 |     7 |     3 |     1 |     2 |     3 |       |     1 |     8 |     2 |     9 |     2 |     7 |     5 |     4 |     7 |     1 |     5 |     1 |     1 |     4 |     1 |     6 |     3 |     2 |       |     2 |     1 |     7 |     1 |     4 |       |     8 |     8 |       |     3 |     4 |     6 |     1 |     7 |
| Hole 11 |     8 |     5 |     2 |     8 |     8 |     5 |       |     1 |     6 |     3 |     4 |     2 |     9 |     6 |     1 |     6 |     8 |     4 |     6 |     6 |     1 |     7 |     2 |     9 |     7 |       |     4 |     1 |       |     2 |     9 |       |     4 |     4 |       |     7 |     1 |     3 |     4 |     3 |
| Hole 12 |     5 |     2 |     1 |     7 |     5 |     1 |       |     6 |       |     2 |     7 |     2 |     7 |     2 |     6 |     1 |     3 |     6 |     5 |     7 |     3 |     6 |     6 |     6 |     3 |       |     6 |     6 |       |     5 |     3 |       |     8 |     2 |       |     4 |     3 |     5 |     4 |     9 |
| Hole 13 |     8 |     8 |     1 |     5 |     3 |     2 |       |     2 |       |     3 |     3 |     5 |     2 |     2 |     1 |     7 |     7 |     3 |     8 |     5 |     9 |       |     9 |     4 |       |       |     8 |     8 |       |     1 |     4 |       |     2 |     4 |       |     6 |     3 |     6 |     5 |     7 |
| Hole 14 |     6 |     1 |     1 |     7 |     5 |     3 |       |     9 |       |     8 |     6 |     4 |     1 |     2 |     7 |     5 |     6 |     5 |     3 |     4 |     9 |       |     3 |     9 |       |       |     5 |     3 |       |     7 |     9 |       |     9 |     4 |       |       |     7 |     8 |     6 |     5 |
| Hole 15 |     5 |     5 |     7 |     2 |     1 |     3 |       |     7 |       |     9 |     7 |     1 |     3 |     8 |     9 |     6 |     3 |     1 |     2 |     7 |     1 |       |     2 |     8 |       |       |     4 |       |       |     4 |     5 |       |     9 |     8 |       |       |     2 |     4 |     7 |       |
| Hole 16 |     1 |     1 |     2 |     3 |     8 |     7 |       |     1 |       |     1 |     8 |     8 |     9 |     8 |     6 |     7 |     8 |     4 |     2 |     7 |     1 |       |     4 |     6 |       |       |     6 |       |       |     6 |     8 |       |     1 |     7 |       |       |     1 |     9 |     2 |       |
| Hole 17 |     4 |     1 |     9 |     4 |     9 |     8 |       |     6 |       |     7 |     7 |     3 |     5 |     3 |     7 |     4 |       |     4 |     5 |     6 |     4 |       |     4 |     3 |       |       |     1 |       |       |     7 |     3 |       |     5 |     9 |       |       |     6 |     7 |     3 |       |
| Hole 18 |     9 |     4 |     8 |     6 |       |     8 |       |     8 |       |     5 |     3 |     3 |     2 |     9 |     5 |     9 |       |     7 |     5 |     6 |     6 |       |     8 |     8 |       |       |     5 |       |       |     3 |     6 |       |     2 |     1 |       |       |     9 |     2 |     9 |       |
| Hole 19 |     3 |     4 |     7 |     9 |       |     8 |       |     7 |       |     6 |     8 |     1 |     4 |       |     3 |     9 |       |     7 |     4 |     2 |     7 |       |     4 |     8 |       |       |     9 |       |       |     3 |     4 |       |     6 |     1 |       |       |     4 |     3 |     9 |       |
| Hole 20 |     5 |     6 |     2 |     7 |       |     4 |       |     9 |       |     5 |     2 |     8 |     4 |       |     3 |     1 |       |     3 |     3 |     7 |     8 |       |     2 |     4 |       |       |     6 |       |       |     7 |     3 |       |     6 |     4 |       |       |     6 |     3 |     1 |       |
| Hole 21 |     3 |     4 |     9 |     8 |       |     1 |       |     8 |       |     8 |     2 |     1 |     6 |       |     3 |     2 |       |     8 |     7 |       |     3 |       |     1 |     6 |       |       |     2 |       |       |     6 |     6 |       |     5 |       |       |       |     7 |     2 |     8 |       |
| Hole 22 |     6 |     4 |     3 |     4 |       |     7 |       |     5 |       |     6 |     3 |     1 |     1 |       |     2 |     7 |       |     8 |     9 |       |     1 |       |     4 |     8 |       |       |     9 |       |       |     9 |     2 |       |     6 |       |       |       |     5 |     3 |       |       |
| Hole 23 |     9 |     6 |     9 |     8 |       |     2 |       |     6 |       |     2 |     4 |     4 |     4 |       |     8 |     2 |       |     1 |     5 |       |     3 |       |     6 |     3 |       |       |     2 |       |       |     9 |     5 |       |     3 |       |       |       |     4 |     4 |       |       |
| Hole 24 |     3 |     8 |     4 |     4 |       |     2 |       |     5 |       |     2 |     7 |     5 |     1 |       |     2 |     6 |       |     2 |     1 |       |     3 |       |     2 |     2 |       |       |     7 |       |       |       |     8 |       |     8 |       |       |       |     4 |     1 |       |       |
| Hole 25 |     4 |     2 |     4 |     3 |       |     7 |       |     8 |       |       |     6 |     6 |     1 |       |     2 |     2 |       |     8 |     1 |       |     6 |       |     6 |     5 |       |       |     7 |       |       |       |     7 |       |     9 |       |       |       |     4 |     4 |       |       |
| Hole 26 |     2 |     3 |     7 |     5 |       |     6 |       |     9 |       |       |     7 |     7 |     1 |       |     7 |     1 |       |     3 |     4 |       |     3 |       |     5 |     6 |       |       |     7 |       |       |       |     4 |       |     2 |       |       |       |     5 |     5 |       |       |
| Hole 27 |     9 |     4 |     3 |     3 |       |     9 |       |     8 |       |       |     2 |     3 |     6 |       |     6 |     5 |       |     9 |     3 |       |     5 |       |     8 |     1 |       |       |     2 |       |       |       |       |       |     5 |       |       |       |       |     6 |       |       |
| Hole 28 |     3 |     6 |     8 |       |       |     5 |       |     8 |       |       |     6 |     1 |     2 |       |     6 |     7 |       |     8 |     4 |       |     3 |       |     6 |     7 |       |       |     1 |       |       |       |       |       |     3 |       |       |       |       |     6 |       |       |
| Hole 29 |     5 |     6 |     9 |       |       |     9 |       |     8 |       |       |     5 |     6 |     3 |       |     1 |     2 |       |     8 |     6 |       |     6 |       |     5 |     3 |       |       |     9 |       |       |       |       |       |     2 |       |       |       |       |     8 |       |       |
| Hole 30 |     4 |     6 |     8 |       |       |     9 |       |     1 |       |       |     7 |     4 |     4 |       |     9 |     2 |       |     4 |     3 |       |     4 |       |     5 |     7 |       |       |     8 |       |       |       |       |       |     4 |       |       |       |       |       |       |       |
| Hole 31 |     2 |     9 |     4 |       |       |     3 |       |     1 |       |       |     1 |     6 |     9 |       |     3 |     4 |       |     7 |     1 |       |     4 |       |     2 |     6 |       |       |     3 |       |       |       |       |       |     8 |       |       |       |       |       |       |       |
| Hole 32 |     6 |     1 |     8 |       |       |     2 |       |     7 |       |       |     6 |     5 |     7 |       |     1 |     9 |       |     3 |     3 |       |     7 |       |     4 |     2 |       |       |     4 |       |       |       |       |       |     9 |       |       |       |       |       |       |       |
| Hole 33 |     9 |     4 |     3 |       |       |     6 |       |     3 |       |       |     7 |     1 |     3 |       |     7 |     1 |       |     3 |     4 |       |     2 |       |     7 |     1 |       |       |     6 |       |       |       |       |       |     7 |       |       |       |       |       |       |       |
| Hole 34 |     3 |     9 |     7 |       |       |     1 |       |     7 |       |       |     3 |     8 |     4 |       |     7 |     6 |       |     9 |     1 |       |     5 |       |     3 |     3 |       |       |       |       |       |       |       |       |     6 |       |       |       |       |       |       |       |
| Hole 35 |     3 |     6 |     2 |       |       |     1 |       |     2 |       |       |     4 |     8 |       |       |     6 |     3 |       |     4 |     5 |       |     1 |       |     9 |     7 |       |       |       |       |       |       |       |       |       |       |       |       |       |       |       |       |
| Hole 36 |     5 |     7 |     3 |       |       |     9 |       |     4 |       |       |     9 |     1 |       |       |     2 |     7 |       |     5 |     4 |       |     2 |       |     1 |     1 |       |       |       |       |       |       |       |       |       |       |       |       |       |       |       |       |
| Hole 37 |     9 |     1 |     4 |       |       |     1 |       |     2 |       |       |     5 |     7 |       |       |     3 |     2 |       |     1 |     3 |       |     7 |       |     2 |     9 |       |       |       |       |       |       |       |       |       |       |       |       |       |       |       |       |
| Hole 38 |     1 |     6 |     4 |       |       |     2 |       |     5 |       |       |     2 |     6 |       |       |     2 |     6 |       |       |     3 |       |     9 |       |     6 |     2 |       |       |       |       |       |       |       |       |       |       |       |       |       |       |       |       |
| Hole 39 |     8 |     2 |       |       |       |     6 |       |     1 |       |       |     5 |     8 |       |       |     3 |     7 |       |       |     4 |       |       |       |     6 |     3 |       |       |       |       |       |       |       |       |       |       |       |       |       |       |       |       |
| Hole 40 |     2 |     9 |       |       |       |     3 |       |     4 |       |       |     1 |     5 |       |       |     9 |     1 |       |       |     3 |       |       |       |     4 |     4 |       |       |       |       |       |       |       |       |       |       |       |       |       |       |       |       |
| Hole 41 |     1 |     1 |       |       |       |       |       |     5 |       |       |     7 |     6 |       |       |     3 |     2 |       |       |     5 |       |       |       |     8 |     9 |       |       |       |       |       |       |       |       |       |       |       |       |       |       |       |       |
| Hole 42 |     8 |     6 |       |       |       |       |       |     7 |       |       |       |     7 |       |       |     3 |     3 |       |       |     6 |       |       |       |     1 |     4 |       |       |       |       |       |       |       |       |       |       |       |       |       |       |       |       |
| Hole 43 |     9 |     5 |       |       |       |       |       |     9 |       |       |       |     9 |       |       |     8 |     6 |       |       |     7 |       |       |       |     9 |     3 |       |       |       |       |       |       |       |       |       |       |       |       |       |       |       |       |
| Hole 44 |     5 |     2 |       |       |       |       |       |     1 |       |       |       |     7 |       |       |     2 |     5 |       |       |     2 |       |       |       |     8 |     1 |       |       |       |       |       |       |       |       |       |       |       |       |       |       |       |       |
| Hole 45 |     6 |     2 |       |       |       |       |       |     4 |       |       |       |       |       |       |     7 |     3 |       |       |     5 |       |       |       |     3 |     2 |       |       |       |       |       |       |       |       |       |       |       |       |       |       |       |       |
| Hole 46 |     8 |     2 |       |       |       |       |       |     4 |       |       |       |       |       |       |     5 |     6 |       |       |       |       |       |       |     9 |     4 |       |       |       |       |       |       |       |       |       |       |       |       |       |       |       |       |
| Hole 47 |       |     7 |       |       |       |       |       |     9 |       |       |       |       |       |       |     1 |     9 |       |       |       |       |       |       |       |     6 |       |       |       |       |       |       |       |       |       |       |       |       |       |       |       |       |
| Hole 48 |       |     7 |       |       |       |       |       |     6 |       |       |       |       |       |       |     3 |     1 |       |       |       |       |       |       |       |     9 |       |       |       |       |       |       |       |       |       |       |       |       |       |       |       |       |
| Hole 49 |       |       |       |       |       |       |       |     6 |       |       |       |       |       |       |       |       |       |       |       |       |       |       |       |     7 |       |       |       |       |       |       |       |       |       |       |       |       |       |       |       |       |
+---------+-------+-------+-------+-------+-------+-------+-------+-------+-------+-------+-------+-------+-------+-------+-------+-------+-------+-------+-------+-------+-------+-------+-------+-------+-------+-------+-------+-------+-------+-------+-------+-------+-------+-------+-------+-------+-------+-------+-------+-------+


Pemenangnya adalah:
PXEDU


Daftar Pemain
+-------------+-------+
| Player Name | Score |
+-------------+-------+
| LYBJV       |   242 |
| CMGSJ       |   226 |
| ARRYM       |   174 |
| GDFRF       |   138 |
| UYBKM       |    90 |
| OSETM       |   197 |
| KQXSM       |     1 |
| PXEDU       |   257 |
| RPGLL       |    52 |
| IOQYU       |   119 |
| DXFPZ       |   204 |
| ZJEOF       |   205 |
| KTPCX       |   150 |
| SIEMP       |   103 |
| KQNZZ       |   206 |
| VSQCT       |   236 |
| YVSDT       |    74 |
| GVZRD       |   193 |
| JFFID       |   178 |
| OFJSZ       |   113 |
| MFJBB       |   179 |
| HSXAE       |    55 |
| WNEGK       |   217 |
| AFDMD       |   244 |
| CJCYV       |    48 |
| TUNFY       |    25 |
| IMUSE       |   177 |
| BWIDL       |    73 |
| DOEHU       |    42 |
| CCWJA       |   112 |
| VKZJZ       |   119 |
| KFZFB       |    13 |
| JSRAG       |   188 |
| BOWDK       |    94 |
| RIIDN       |    49 |
| QMTWK       |    69 |
| BRYYX       |   133 |
| BVCAY       |   127 |
| XNOKP       |   100 |
| UGSHQ       |    72 |
+-------------+-------+


Rata - rata seluruh pemain golf:
132.35
